Watching for file changes with StatReloader
C:\Users\giuse\Desktop\BRO\unified-medical-system\backend\.venv\Lib\site-packages\django\contrib\__init__.py changed, reloading.
Watching for file changes with StatReloader
Watching for file changes with StatReloader
Watching for file changes with StatReloader
Watching for file changes with StatReloader
Watching for file changes with StatReloader
C:\Users\giuse\Desktop\BRO\unified-medical-system\backend\api\urls.py changed, reloading.
Watching for file changes with StatReloader
Watching for file changes with StatReloader
C:\Users\giuse\Desktop\BRO\unified-medical-system\backend\api\views.py changed, reloading.
Watching for file changes with StatReloader
Watching for file changes with StatReloader
C:\Users\giuse\Desktop\BRO\unified-medical-system\backend\api\urls.py changed, reloading.
Watching for file changes with StatReloader
Watching for file changes with StatReloader
C:\Users\giuse\Desktop\BRO\unified-medical-system\backend\api\views.py changed, reloading.
C:\Users\giuse\Desktop\BRO\unified-medical-system\backend\api\views.py changed, reloading.
Watching for file changes with StatReloader
Watching for file changes with StatReloader
C:\Users\giuse\Desktop\BRO\unified-medical-system\backend\api\serializers.py changed, reloading.
Watching for file changes with StatReloader
Watching for file changes with StatReloader
Watching for file changes with StatReloader
Forbidden: /api/encounters/
"GET /api/encounters/?status=in_progress HTTP/1.1" 403 69
Forbidden: /api/encounters/
"GET /api/encounters/?status=in_progress HTTP/1.1" 403 69
Forbidden: /api/encounters/
"POST /api/encounters/ HTTP/1.1" 403 69
Forbidden: /api/encounters/
"POST /api/encounters/ HTTP/1.1" 403 69
Forbidden: /api/encounters/
"POST /api/encounters/ HTTP/1.1" 403 69
Forbidden: /api/encounters/
"POST /api/encounters/ HTTP/1.1" 403 69
Forbidden: /api/encounters/
"POST /api/encounters/ HTTP/1.1" 403 69
Forbidden: /api/encounters/
"POST /api/encounters/ HTTP/1.1" 403 69
Forbidden: /api/encounters/
"POST /api/encounters/ HTTP/1.1" 403 69
"OPTIONS /direct/logout/ HTTP/1.1" 200 0
Not Found: /direct/login/
"POST /direct/login/ HTTP/1.1" 404 2862
Not Found: /direct/login/
"POST /direct/login/ HTTP/1.1" 404 2862
Not Found: /direct/login/
"POST /direct/login/ HTTP/1.1" 404 2862
Not Found: /direct/login/
"POST /direct/login/ HTTP/1.1" 404 2862
Not Found: /direct/login/
"POST /direct/login/ HTTP/1.1" 404 2862
Not Found: /direct/login/
"POST /direct/login/ HTTP/1.1" 404 2862
Not Found: /direct/login/
"POST /direct/login/ HTTP/1.1" 404 2862
"OPTIONS /auth/login/ HTTP/1.1" 200 0
"OPTIONS /auth/login/ HTTP/1.1" 200 0
C:\Users\giuse\Desktop\BRO\unified-medical-system\backend\medical_system\settings.py changed, reloading.
Watching for file changes with StatReloader
"OPTIONS /auth/login/ HTTP/1.1" 200 0
"OPTIONS /auth/login/ HTTP/1.1" 200 0
"OPTIONS /auth/login/ HTTP/1.1" 200 0
"OPTIONS /auth/login/ HTTP/1.1" 200 0
"OPTIONS /auth/login/ HTTP/1.1" 200 0
"OPTIONS /auth/login/ HTTP/1.1" 200 0
"OPTIONS /auth/login/ HTTP/1.1" 200 0
"OPTIONS /auth/login/ HTTP/1.1" 200 0
"OPTIONS /auth/login/ HTTP/1.1" 200 0
"OPTIONS /auth/login/ HTTP/1.1" 200 0
"OPTIONS /auth/login/ HTTP/1.1" 200 0
"OPTIONS /auth/login/ HTTP/1.1" 200 0
"OPTIONS /auth/login/ HTTP/1.1" 200 0
"OPTIONS /auth/login/ HTTP/1.1" 200 0
"OPTIONS /auth/login/ HTTP/1.1" 200 0
"OPTIONS /auth/login/ HTTP/1.1" 200 0
Watching for file changes with StatReloader
"OPTIONS /auth/login/ HTTP/1.1" 200 0
"OPTIONS /auth/login/ HTTP/1.1" 200 0
C:\Users\giuse\Desktop\BRO\unified-medical-system\backend\medical_system\settings.py changed, reloading.
Watching for file changes with StatReloader
"OPTIONS /auth/login/ HTTP/1.1" 200 0
Unauthorized: /auth/login/
"POST /auth/login/ HTTP/1.1" 401 53
C:\Users\giuse\Desktop\BRO\unified-medical-system\backend\auth_views.py changed, reloading.
Watching for file changes with StatReloader
Unauthorized: /auth/login/
"POST /auth/login/ HTTP/1.1" 401 53
C:\Users\giuse\Desktop\BRO\unified-medical-system\backend\auth_views.py changed, reloading.
Watching for file changes with StatReloader
Watching for file changes with StatReloader
"POST /auth/login/ HTTP/1.1" 200 321
"GET /api/encounters/?status=in_progress HTTP/1.1" 200 503
C:\Users\giuse\Desktop\BRO\unified-medical-system\backend\auth_views.py changed, reloading.
Watching for file changes with StatReloader
C:\Users\giuse\Desktop\BRO\unified-medical-system\backend\core\models.py changed, reloading.
Watching for file changes with StatReloader
C:\Users\giuse\Desktop\BRO\unified-medical-system\backend\api\serializers.py changed, reloading.
Watching for file changes with StatReloader
C:\Users\giuse\Desktop\BRO\unified-medical-system\backend\api\serializers.py changed, reloading.
Watching for file changes with StatReloader
C:\Users\giuse\Desktop\BRO\unified-medical-system\backend\api\urls.py changed, reloading.
Watching for file changes with StatReloader
C:\Users\giuse\Desktop\BRO\unified-medical-system\backend\.venv\Lib\site-packages\requests\packages.py changed, reloading.
Watching for file changes with StatReloader
Watching for file changes with StatReloader
Watching for file changes with StatReloader
Watching for file changes with StatReloader
"GET /api/ HTTP/1.1" 200 311
- Broken pipe from ('127.0.0.1', 56234)
Not Found: /api/medical-workflow/
"GET /api/medical-workflow/ HTTP/1.1" 404 15578
- Broken pipe from ('127.0.0.1', 64853)
Not Found: /api/medical-workflow/
"GET /api/medical-workflow/ HTTP/1.1" 404 15578
- Broken pipe from ('127.0.0.1', 64858)
Method Not Allowed: /api/medical-workflow/complete-workflow/
"GET /api/medical-workflow/complete-workflow/ HTTP/1.1" 405 42
- Broken pipe from ('127.0.0.1', 64864)
Internal Server Error: /api/medical-workflow/workflow-status/TEST123/
"GET /api/medical-workflow/workflow-status/TEST123/ HTTP/1.1" 500 51
- Broken pipe from ('127.0.0.1', 61092)
"GET /api/encounters/?status=in_progress HTTP/1.1" 200 504
"GET /api/encounters/?status=in_progress HTTP/1.1" 200 504
"GET /api/encounters/?status=in_progress HTTP/1.1" 200 504
"OPTIONS /api/transcripts/ HTTP/1.1" 200 0
"GET /api/encounters/?status=in_progress HTTP/1.1" 200 504
"OPTIONS /api/clinical-data/ HTTP/1.1" 200 0
"OPTIONS /api/reports/ HTTP/1.1" 200 0
"GET /api/transcripts/ HTTP/1.1" 200 52
"GET /api/clinical-data/ HTTP/1.1" 200 52
"GET /api/reports/ HTTP/1.1" 200 52
"OPTIONS /api/medical-workflow/workflow-status/9b7c69a2-9bf7-4caa-9c91-60cd24952898/ HTTP/1.1" 200 0
Internal Server Error: /api/medical-workflow/workflow-status/9b7c69a2-9bf7-4caa-9c91-60cd24952898/
"GET /api/medical-workflow/workflow-status/9b7c69a2-9bf7-4caa-9c91-60cd24952898/ HTTP/1.1" 500 396
Internal Server Error: /api/medical-workflow/workflow-status/9b7c69a2-9bf7-4caa-9c91-60cd24952898/
"GET /api/medical-workflow/workflow-status/9b7c69a2-9bf7-4caa-9c91-60cd24952898/ HTTP/1.1" 500 396
Internal Server Error: /api/medical-workflow/workflow-status/9b7c69a2-9bf7-4caa-9c91-60cd24952898/
"GET /api/medical-workflow/workflow-status/9b7c69a2-9bf7-4caa-9c91-60cd24952898/ HTTP/1.1" 500 396
Bad Request: /api/encounters/
"POST /api/encounters/ HTTP/1.1" 400 68
Bad Request: /api/encounters/
"POST /api/encounters/ HTTP/1.1" 400 68
"GET /api/transcripts/ HTTP/1.1" 200 52
"GET /api/clinical-data/ HTTP/1.1" 200 52
"GET /api/reports/ HTTP/1.1" 200 52
Bad Request: /api/encounters/
"POST /api/encounters/ HTTP/1.1" 400 68
Bad Request: /api/encounters/
"POST /api/encounters/ HTTP/1.1" 400 68
Bad Request: /api/encounters/
"POST /api/encounters/ HTTP/1.1" 400 68
Bad Request: /api/encounters/
"POST /api/encounters/ HTTP/1.1" 400 68
Bad Request: /api/encounters/
"POST /api/encounters/ HTTP/1.1" 400 68
Bad Request: /api/encounters/
"POST /api/encounters/ HTTP/1.1" 400 68
"GET /api/transcripts/ HTTP/1.1" 200 52
"GET /api/clinical-data/ HTTP/1.1" 200 52
"GET /api/reports/ HTTP/1.1" 200 52
Internal Server Error: /api/medical-workflow/workflow-status/9b7c69a2-9bf7-4caa-9c91-60cd24952898/
"GET /api/medical-workflow/workflow-status/9b7c69a2-9bf7-4caa-9c91-60cd24952898/ HTTP/1.1" 500 396
Internal Server Error: /api/medical-workflow/workflow-status/9b7c69a2-9bf7-4caa-9c91-60cd24952898/
"GET /api/medical-workflow/workflow-status/9b7c69a2-9bf7-4caa-9c91-60cd24952898/ HTTP/1.1" 500 396
Internal Server Error: /api/medical-workflow/workflow-status/9b7c69a2-9bf7-4caa-9c91-60cd24952898/
"GET /api/medical-workflow/workflow-status/9b7c69a2-9bf7-4caa-9c91-60cd24952898/ HTTP/1.1" 500 396
Internal Server Error: /api/medical-workflow/workflow-status/9b7c69a2-9bf7-4caa-9c91-60cd24952898/
"GET /api/medical-workflow/workflow-status/9b7c69a2-9bf7-4caa-9c91-60cd24952898/ HTTP/1.1" 500 396
Internal Server Error: /api/medical-workflow/workflow-status/9b7c69a2-9bf7-4caa-9c91-60cd24952898/
"GET /api/medical-workflow/workflow-status/9b7c69a2-9bf7-4caa-9c91-60cd24952898/ HTTP/1.1" 500 396
Internal Server Error: /api/medical-workflow/workflow-status/9b7c69a2-9bf7-4caa-9c91-60cd24952898/
"GET /api/medical-workflow/workflow-status/9b7c69a2-9bf7-4caa-9c91-60cd24952898/ HTTP/1.1" 500 396
Internal Server Error: /api/medical-workflow/workflow-status/9b7c69a2-9bf7-4caa-9c91-60cd24952898/
"GET /api/medical-workflow/workflow-status/9b7c69a2-9bf7-4caa-9c91-60cd24952898/ HTTP/1.1" 500 396
Internal Server Error: /api/medical-workflow/workflow-status/9b7c69a2-9bf7-4caa-9c91-60cd24952898/
"GET /api/medical-workflow/workflow-status/9b7c69a2-9bf7-4caa-9c91-60cd24952898/ HTTP/1.1" 500 396
Internal Server Error: /api/medical-workflow/workflow-status/9b7c69a2-9bf7-4caa-9c91-60cd24952898/
"GET /api/medical-workflow/workflow-status/9b7c69a2-9bf7-4caa-9c91-60cd24952898/ HTTP/1.1" 500 396
"GET /api/transcripts/ HTTP/1.1" 200 52
"GET /api/clinical-data/ HTTP/1.1" 200 52
"GET /api/reports/ HTTP/1.1" 200 52
Internal Server Error: /api/medical-workflow/workflow-status/9b7c69a2-9bf7-4caa-9c91-60cd24952898/
"GET /api/medical-workflow/workflow-status/9b7c69a2-9bf7-4caa-9c91-60cd24952898/ HTTP/1.1" 500 396
Internal Server Error: /api/medical-workflow/workflow-status/9b7c69a2-9bf7-4caa-9c91-60cd24952898/
"GET /api/medical-workflow/workflow-status/9b7c69a2-9bf7-4caa-9c91-60cd24952898/ HTTP/1.1" 500 396
Internal Server Error: /api/medical-workflow/workflow-status/9b7c69a2-9bf7-4caa-9c91-60cd24952898/
"GET /api/medical-workflow/workflow-status/9b7c69a2-9bf7-4caa-9c91-60cd24952898/ HTTP/1.1" 500 396
Internal Server Error: /api/medical-workflow/workflow-status/9b7c69a2-9bf7-4caa-9c91-60cd24952898/
"GET /api/medical-workflow/workflow-status/9b7c69a2-9bf7-4caa-9c91-60cd24952898/ HTTP/1.1" 500 396
"GET /api/encounters/?status=in_progress HTTP/1.1" 200 504
Internal Server Error: /api/medical-workflow/workflow-status/9b7c69a2-9bf7-4caa-9c91-60cd24952898/
"GET /api/medical-workflow/workflow-status/9b7c69a2-9bf7-4caa-9c91-60cd24952898/ HTTP/1.1" 500 396
Internal Server Error: /api/medical-workflow/workflow-status/9b7c69a2-9bf7-4caa-9c91-60cd24952898/
"GET /api/medical-workflow/workflow-status/9b7c69a2-9bf7-4caa-9c91-60cd24952898/ HTTP/1.1" 500 396
Internal Server Error: /api/medical-workflow/workflow-status/9b7c69a2-9bf7-4caa-9c91-60cd24952898/
"GET /api/medical-workflow/workflow-status/9b7c69a2-9bf7-4caa-9c91-60cd24952898/ HTTP/1.1" 500 396
Internal Server Error: /api/medical-workflow/workflow-status/9b7c69a2-9bf7-4caa-9c91-60cd24952898/
"GET /api/medical-workflow/workflow-status/9b7c69a2-9bf7-4caa-9c91-60cd24952898/ HTTP/1.1" 500 396
Internal Server Error: /api/medical-workflow/workflow-status/9b7c69a2-9bf7-4caa-9c91-60cd24952898/
"GET /api/medical-workflow/workflow-status/9b7c69a2-9bf7-4caa-9c91-60cd24952898/ HTTP/1.1" 500 396
Internal Server Error: /api/medical-workflow/workflow-status/9b7c69a2-9bf7-4caa-9c91-60cd24952898/
"GET /api/medical-workflow/workflow-status/9b7c69a2-9bf7-4caa-9c91-60cd24952898/ HTTP/1.1" 500 396
Internal Server Error: /api/medical-workflow/workflow-status/9b7c69a2-9bf7-4caa-9c91-60cd24952898/
"GET /api/medical-workflow/workflow-status/9b7c69a2-9bf7-4caa-9c91-60cd24952898/ HTTP/1.1" 500 396
"OPTIONS /api/encounters/?status=completed HTTP/1.1" 200 0
"GET /api/encounters/?status=completed HTTP/1.1" 200 497
Internal Server Error: /api/medical-workflow/workflow-status/9b7c69a2-9bf7-4caa-9c91-60cd24952898/
"GET /api/medical-workflow/workflow-status/9b7c69a2-9bf7-4caa-9c91-60cd24952898/ HTTP/1.1" 500 396
"GET /api/encounters/ HTTP/1.1" 200 504
Internal Server Error: /api/medical-workflow/workflow-status/9b7c69a2-9bf7-4caa-9c91-60cd24952898/
"GET /api/medical-workflow/workflow-status/9b7c69a2-9bf7-4caa-9c91-60cd24952898/ HTTP/1.1" 500 396
Internal Server Error: /api/medical-workflow/workflow-status/9b7c69a2-9bf7-4caa-9c91-60cd24952898/
"GET /api/medical-workflow/workflow-status/9b7c69a2-9bf7-4caa-9c91-60cd24952898/ HTTP/1.1" 500 396
"GET /api/encounters/ HTTP/1.1" 200 504
Internal Server Error: /api/medical-workflow/workflow-status/9b7c69a2-9bf7-4caa-9c91-60cd24952898/
"GET /api/medical-workflow/workflow-status/9b7c69a2-9bf7-4caa-9c91-60cd24952898/ HTTP/1.1" 500 396
"GET /api/transcripts/ HTTP/1.1" 200 52
"GET /api/clinical-data/ HTTP/1.1" 200 52
"GET /api/reports/ HTTP/1.1" 200 52
Bad Request: /api/encounters/
"POST /api/encounters/ HTTP/1.1" 400 68
Bad Request: /api/encounters/
"POST /api/encounters/ HTTP/1.1" 400 68
Bad Request: /api/encounters/
"POST /api/encounters/ HTTP/1.1" 400 68
Bad Request: /api/encounters/
"POST /api/encounters/ HTTP/1.1" 400 68
Internal Server Error: /api/medical-workflow/workflow-status/9b7c69a2-9bf7-4caa-9c91-60cd24952898/
"GET /api/medical-workflow/workflow-status/9b7c69a2-9bf7-4caa-9c91-60cd24952898/ HTTP/1.1" 500 396
"GET /api/encounters/ HTTP/1.1" 200 504
"GET /api/reports/ HTTP/1.1" 200 52
"GET /api/clinical-data/ HTTP/1.1" 200 52
"GET /api/transcripts/ HTTP/1.1" 200 52
"GET /api/transcripts/ HTTP/1.1" 200 52
"GET /api/reports/ HTTP/1.1" 200 52
"GET /api/clinical-data/ HTTP/1.1" 200 52
"OPTIONS /api/medical-workflow/complete-workflow/ HTTP/1.1" 200 0
Internal Server Error: /api/medical-workflow/complete-workflow/
"POST /api/medical-workflow/complete-workflow/ HTTP/1.1" 500 34
C:\Users\giuse\Desktop\BRO\unified-medical-system\backend\services\transcription.py changed, reloading.
Watching for file changes with StatReloader
C:\Users\giuse\Desktop\BRO\unified-medical-system\backend\services\transcription.py changed, reloading.
Watching for file changes with StatReloader
Internal Server Error: /api/medical-workflow/complete-workflow/
"POST /api/medical-workflow/complete-workflow/ HTTP/1.1" 500 34
C:\Users\giuse\Desktop\BRO\unified-medical-system\backend\.venv\Lib\site-packages\numpy\lib\_datasource.py changed, reloading.
Watching for file changes with StatReloader
C:\Users\giuse\Desktop\BRO\unified-medical-system\backend\services\transcription.py changed, reloading.
Watching for file changes with StatReloader
C:\Users\giuse\Desktop\BRO\unified-medical-system\backend\services\transcription.py changed, reloading.
Watching for file changes with StatReloader
Internal Server Error: /api/medical-workflow/complete-workflow/
"POST /api/medical-workflow/complete-workflow/ HTTP/1.1" 500 175
"GET /api/encounters/?status=in_progress HTTP/1.1" 200 504
"GET /api/transcripts/ HTTP/1.1" 200 2564
"GET /api/clinical-data/ HTTP/1.1" 200 52
"GET /api/reports/ HTTP/1.1" 200 52
"GET /api/encounters/ HTTP/1.1" 200 497
Internal Server Error: /api/medical-workflow/workflow-status/9b7c69a2-9bf7-4caa-9c91-60cd24952898/
"GET /api/medical-workflow/workflow-status/9b7c69a2-9bf7-4caa-9c91-60cd24952898/ HTTP/1.1" 500 396
Internal Server Error: /api/medical-workflow/complete-workflow/
"POST /api/medical-workflow/complete-workflow/ HTTP/1.1" 500 175
C:\Users\giuse\Desktop\BRO\unified-medical-system\backend\core\models.py changed, reloading.
Watching for file changes with StatReloader
C:\Users\giuse\Desktop\BRO\unified-medical-system\backend\api\medical_views.py changed, reloading.
Watching for file changes with StatReloader
C:\Users\giuse\Desktop\BRO\unified-medical-system\backend\services\transcription.py changed, reloading.
Watching for file changes with StatReloader
"GET /api/clinical-data/ HTTP/1.1" 200 52
"GET /api/reports/ HTTP/1.1" 200 52
"GET /api/transcripts/ HTTP/1.1" 200 3891
C:\Users\giuse\Desktop\BRO\unified-medical-system\backend\api\medical_views.py changed, reloading.
Watching for file changes with StatReloader
"GET /api/encounters/ HTTP/1.1" 200 498
"GET /api/transcripts/ HTTP/1.1" 200 3891
"GET /api/clinical-data/ HTTP/1.1" 200 52
"GET /api/reports/ HTTP/1.1" 200 52
C:\Users\giuse\Desktop\BRO\unified-medical-system\backend\api\medical_views.py changed, reloading.
Watching for file changes with StatReloader
"GET /api/reports/ HTTP/1.1" 200 52
"GET /api/clinical-data/ HTTP/1.1" 200 52
"GET /api/transcripts/ HTTP/1.1" 200 3891
"GET /api/encounters/?status=in_progress HTTP/1.1" 200 504
"GET /api/encounters/ HTTP/1.1" 200 504
"GET /api/medical-workflow/workflow-status/9b7c69a2-9bf7-4caa-9c91-60cd24952898/ HTTP/1.1" 200 631
"GET /api/encounters/?status=completed HTTP/1.1" 200 504
"GET /api/encounters/ HTTP/1.1" 200 504
Internal Server Error: /api/medical-workflow/complete-workflow/
"POST /api/medical-workflow/complete-workflow/ HTTP/1.1" 500 82
C:\Users\giuse\Desktop\BRO\unified-medical-system\backend\services\extraction.py changed, reloading.
Watching for file changes with StatReloader
C:\Users\giuse\Desktop\BRO\unified-medical-system\backend\services\extraction.py changed, reloading.
Watching for file changes with StatReloader
C:\Users\giuse\Desktop\BRO\unified-medical-system\backend\services\extraction.py changed, reloading.
Watching for file changes with StatReloader
"GET /api/reports/ HTTP/1.1" 200 52
"GET /api/clinical-data/ HTTP/1.1" 200 52
"GET /api/transcripts/ HTTP/1.1" 200 5146
Internal Server Error: /api/medical-workflow/complete-workflow/
"POST /api/medical-workflow/complete-workflow/ HTTP/1.1" 500 62
Watching for file changes with StatReloader
"GET /api/reports/ HTTP/1.1" 200 52
"GET /api/encounters/?status=in_progress HTTP/1.1" 200 504
"GET /api/encounters/ HTTP/1.1" 200 504
"GET /api/transcripts/ HTTP/1.1" 200 6359
"GET /api/clinical-data/ HTTP/1.1" 200 1214
"GET /api/medical-workflow/workflow-status/9b7c69a2-9bf7-4caa-9c91-60cd24952898/ HTTP/1.1" 200 962
"GET /api/transcripts/ HTTP/1.1" 200 6789
"GET /api/clinical-data/ HTTP/1.1" 200 1214
"GET /api/reports/ HTTP/1.1" 200 52
Internal Server Error: /api/medical-workflow/complete-workflow/
"POST /api/medical-workflow/complete-workflow/ HTTP/1.1" 500 62
C:\Users\giuse\Desktop\BRO\unified-medical-system\backend\services\report_generation_simple.py changed, reloading.
Watching for file changes with StatReloader
C:\Users\giuse\Desktop\BRO\unified-medical-system\backend\services\report_generation_simple.py changed, reloading.
Watching for file changes with StatReloader
"GET /api/reports/ HTTP/1.1" 200 52
"GET /api/clinical-data/ HTTP/1.1" 200 2391
"GET /api/transcripts/ HTTP/1.1" 200 7541
C:\Users\giuse\Desktop\BRO\unified-medical-system\backend\services\report_generation_simple.py changed, reloading.
Watching for file changes with StatReloader
C:\Users\giuse\Desktop\BRO\unified-medical-system\backend\services\report_generation_simple.py changed, reloading.
Watching for file changes with StatReloader
C:\Users\giuse\Desktop\BRO\unified-medical-system\backend\services\report_generation_simple.py changed, reloading.
Watching for file changes with StatReloader
C:\Users\giuse\Desktop\BRO\unified-medical-system\backend\services\report_generation_simple.py changed, reloading.
Watching for file changes with StatReloader
C:\Users\giuse\Desktop\BRO\unified-medical-system\backend\services\report_generation_simple.py changed, reloading.
Watching for file changes with StatReloader
C:\Users\giuse\Desktop\BRO\unified-medical-system\backend\services\report_generation_simple.py changed, reloading.
Watching for file changes with StatReloader
C:\Users\giuse\Desktop\BRO\unified-medical-system\backend\services\report_generation_simple.py changed, reloading.
Watching for file changes with StatReloader
C:\Users\giuse\Desktop\BRO\unified-medical-system\backend\services\report_generation_simple.py changed, reloading.
Watching for file changes with StatReloader
C:\Users\giuse\Desktop\BRO\unified-medical-system\backend\services\report_generation_simple.py changed, reloading.
Watching for file changes with StatReloader
"GET /api/transcripts/ HTTP/1.1" 200 8834
"GET /api/clinical-data/ HTTP/1.1" 200 2391
"GET /api/reports/ HTTP/1.1" 200 52
"GET /api/encounters/ HTTP/1.1" 200 504
"GET /api/clinical-data/ HTTP/1.1" 200 2391
"GET /api/reports/ HTTP/1.1" 200 52
"GET /api/transcripts/ HTTP/1.1" 200 8834
Internal Server Error: /api/medical-workflow/complete-workflow/
"POST /api/medical-workflow/complete-workflow/ HTTP/1.1" 500 50
C:\Users\giuse\Desktop\BRO\unified-medical-system\backend\services\report_generation_simple.py changed, reloading.
Watching for file changes with StatReloader
C:\Users\giuse\Desktop\BRO\unified-medical-system\backend\services\report_generation_simple.py changed, reloading.
Watching for file changes with StatReloader
C:\Users\giuse\Desktop\BRO\unified-medical-system\backend\services\report_generation_simple.py changed, reloading.
Watching for file changes with StatReloader
C:\Users\giuse\Desktop\BRO\unified-medical-system\backend\services\report_generation_simple.py changed, reloading.
Watching for file changes with StatReloader
C:\Users\giuse\Desktop\BRO\unified-medical-system\backend\services\report_generation_simple.py changed, reloading.
Watching for file changes with StatReloader
"GET /api/encounters/ HTTP/1.1" 200 497
"GET /api/transcripts/ HTTP/1.1" 200 9965
"GET /api/clinical-data/ HTTP/1.1" 200 3916
"GET /api/reports/ HTTP/1.1" 200 364
Internal Server Error: /api/medical-workflow/complete-workflow/
"POST /api/medical-workflow/complete-workflow/ HTTP/1.1" 500 66
C:\Users\giuse\Desktop\BRO\unified-medical-system\backend\services\report_generation_simple.py changed, reloading.
Watching for file changes with StatReloader
"POST /api/medical-workflow/complete-workflow/ HTTP/1.1" 201 3051
"OPTIONS /api/encounters/?status=in_progress HTTP/1.1" 200 0
"GET /api/encounters/ HTTP/1.1" 200 504
"GET /api/reports/ HTTP/1.1" 200 1100
"GET /api/clinical-data/ HTTP/1.1" 200 6622
"GET /api/encounters/?status=in_progress HTTP/1.1" 200 504
"OPTIONS /api/encounters/?status=in_progress HTTP/1.1" 200 0
"GET /api/medical-workflow/workflow-status/9b7c69a2-9bf7-4caa-9c91-60cd24952898/ HTTP/1.1" 200 2475
"GET /api/encounters/ HTTP/1.1" 200 504
"GET /api/reports/ HTTP/1.1" 200 1100
"GET /api/clinical-data/ HTTP/1.1" 200 6622
"GET /api/encounters/?status=in_progress HTTP/1.1" 200 504
"GET /api/transcripts/ HTTP/1.1" 200 12461
"GET /api/medical-workflow/workflow-status/9b7c69a2-9bf7-4caa-9c91-60cd24952898/ HTTP/1.1" 200 2475
"GET /api/transcripts/ HTTP/1.1" 200 12461
"GET /api/encounters/?status=completed HTTP/1.1" 200 504
"GET /api/transcripts/ HTTP/1.1" 200 12461
"GET /api/reports/ HTTP/1.1" 200 1100
"GET /api/clinical-data/ HTTP/1.1" 200 6622
"OPTIONS /api/encounters/ HTTP/1.1" 200 0
"GET /api/encounters/ HTTP/1.1" 200 504
"GET /api/reports/ HTTP/1.1" 200 1100
"GET /api/clinical-data/ HTTP/1.1" 200 6622
"GET /api/transcripts/ HTTP/1.1" 200 12461
C:\Users\giuse\Desktop\BRO\unified-medical-system\backend\api\medical_views.py changed, reloading.
Watching for file changes with StatReloader
"GET /api/clinical-data/ HTTP/1.1" 200 6622
"GET /api/transcripts/ HTTP/1.1" 200 12461
"GET /api/reports/ HTTP/1.1" 200 1100
C:\Users\giuse\Desktop\BRO\unified-medical-system\backend\api\medical_views.py changed, reloading.
Watching for file changes with StatReloader
Watching for file changes with StatReloader
"GET /api/encounters/ HTTP/1.1" 200 504
"GET /api/reports/ HTTP/1.1" 200 1100
"GET /api/clinical-data/ HTTP/1.1" 200 6622
"GET /api/encounters/?status=in_progress HTTP/1.1" 200 497
"GET /api/transcripts/ HTTP/1.1" 200 12461
"GET /api/medical-workflow/workflow-status/9b7c69a2-9bf7-4caa-9c91-60cd24952898/ HTTP/1.1" 200 2475
"OPTIONS /auth/logout/ HTTP/1.1" 200 0
"POST /auth/logout/ HTTP/1.1" 200 62
"POST /auth/login/ HTTP/1.1" 200 321
"GET /api/clinical-data/ HTTP/1.1" 200 6622
"GET /api/reports/ HTTP/1.1" 200 1100
"GET /api/encounters/ HTTP/1.1" 200 504
"GET /api/transcripts/ HTTP/1.1" 200 12461
"GET /api/encounters/?status=in_progress HTTP/1.1" 200 504
"GET /api/medical-workflow/workflow-status/9b7c69a2-9bf7-4caa-9c91-60cd24952898/ HTTP/1.1" 200 2475
"GET /api/clinical-data/ HTTP/1.1" 200 6622
"GET /api/encounters/ HTTP/1.1" 200 504
"GET /api/reports/ HTTP/1.1" 200 1100
"GET /api/transcripts/ HTTP/1.1" 200 12461
"GET /api/encounters/?status=in_progress HTTP/1.1" 200 504
"GET /api/medical-workflow/workflow-status/9b7c69a2-9bf7-4caa-9c91-60cd24952898/ HTTP/1.1" 200 2475
"GET /api/reports/ HTTP/1.1" 200 1100
"GET /api/clinical-data/ HTTP/1.1" 200 6622
"GET /api/encounters/ HTTP/1.1" 200 504
"GET /api/transcripts/ HTTP/1.1" 200 12461
"GET /api/encounters/?status=in_progress HTTP/1.1" 200 504
"GET /api/medical-workflow/workflow-status/9b7c69a2-9bf7-4caa-9c91-60cd24952898/ HTTP/1.1" 200 2475
"GET /api/transcripts/ HTTP/1.1" 200 12461
"GET /api/reports/ HTTP/1.1" 200 1100
"GET /api/clinical-data/ HTTP/1.1" 200 6622
Internal Server Error: /api/medical-workflow/complete-workflow/
"POST /api/medical-workflow/complete-workflow/ HTTP/1.1" 500 71
Internal Server Error: /api/medical-workflow/complete-workflow/
"POST /api/medical-workflow/complete-workflow/ HTTP/1.1" 500 48
"GET /api/encounters/ HTTP/1.1" 200 497
"GET /api/reports/ HTTP/1.1" 200 1100
"GET /api/clinical-data/ HTTP/1.1" 200 6622
"GET /api/transcripts/ HTTP/1.1" 200 12461
"GET /api/encounters/?status=in_progress HTTP/1.1" 200 498
"GET /api/medical-workflow/workflow-status/9b7c69a2-9bf7-4caa-9c91-60cd24952898/ HTTP/1.1" 200 2475
"GET /api/encounters/ HTTP/1.1" 200 504
"GET /api/transcripts/ HTTP/1.1" 200 12461
"GET /api/reports/ HTTP/1.1" 200 1100
"GET /api/clinical-data/ HTTP/1.1" 200 6622
"POST /auth/logout/ HTTP/1.1" 200 62
"POST /auth/login/ HTTP/1.1" 200 319
"GET /api/clinical-data/ HTTP/1.1" 200 6622
"GET /api/reports/ HTTP/1.1" 200 1100
"GET /api/transcripts/ HTTP/1.1" 200 12461
"GET /api/encounters/ HTTP/1.1" 200 497
"GET /api/encounters/ HTTP/1.1" 200 504
"GET /api/transcripts/ HTTP/1.1" 200 12461
"GET /api/clinical-data/ HTTP/1.1" 200 6622
"GET /api/reports/ HTTP/1.1" 200 1100
"GET /api/clinical-data/ HTTP/1.1" 200 6622
"GET /api/reports/ HTTP/1.1" 200 1100
"GET /api/transcripts/ HTTP/1.1" 200 12461
C:\Users\giuse\Desktop\BRO\ER-Voice2Text\backend\api\medical_views.py changed, reloading.
Watching for file changes with StatReloader
C:\Users\giuse\Desktop\BRO\ER-Voice2Text\backend\medical_system\settings.py changed, reloading.
Watching for file changes with StatReloader
Watching for file changes with StatReloader
C:\Users\giuse\Desktop\BRO\ER-Voice2Text\backend\medical_system\settings.py changed, reloading.
Watching for file changes with StatReloader
Watching for file changes with StatReloader
C:\Users\giuse\Desktop\BRO\ER-Voice2Text\backend\api\medical_workflow_views.py changed, reloading.
Watching for file changes with StatReloader
"OPTIONS /auth/login/ HTTP/1.1" 200 0
"POST /auth/login/ HTTP/1.1" 200 321
"OPTIONS /api/patients/list/?filter=all HTTP/1.1" 200 0
"OPTIONS /api/dashboard/analytics/ HTTP/1.1" 200 0
Forbidden: /api/dashboard/analytics/
Not Found: /api/patients/list/
"GET /api/dashboard/analytics/ HTTP/1.1" 403 69
"GET /api/patients/list/?filter=all HTTP/1.1" 404 25
Forbidden: /api/dashboard/analytics/
Not Found: /api/patients/list/
"GET /api/patients/list/?filter=all HTTP/1.1" 404 25
"GET /api/dashboard/analytics/ HTTP/1.1" 403 69
Not Found: /api/patients/list/
Forbidden: /api/dashboard/analytics/
"GET /api/patients/list/?filter=all HTTP/1.1" 404 25
"GET /api/dashboard/analytics/ HTTP/1.1" 403 69
Not Found: /api/patients/list/
Forbidden: /api/dashboard/analytics/
"GET /api/patients/list/?filter=all HTTP/1.1" 404 25
"GET /api/dashboard/analytics/ HTTP/1.1" 403 69
Forbidden: /api/dashboard/analytics/
Not Found: /api/patients/list/
"GET /api/dashboard/analytics/ HTTP/1.1" 403 69
"GET /api/patients/list/?filter=all HTTP/1.1" 404 25
Forbidden: /api/dashboard/analytics/
Not Found: /api/patients/list/
"GET /api/dashboard/analytics/ HTTP/1.1" 403 69
"GET /api/patients/list/?filter=all HTTP/1.1" 404 25
C:\Users\giuse\Desktop\BRO\ER-Voice2Text\backend\medical_system\settings.py changed, reloading.
Watching for file changes with StatReloader
Watching for file changes with StatReloader
Forbidden: /api/dashboard/analytics/
Not Found: /api/patients/list/
"GET /api/dashboard/analytics/ HTTP/1.1" 403 69
"GET /api/patients/list/?filter=all HTTP/1.1" 404 25
C:\Users\giuse\Desktop\BRO\ER-Voice2Text\backend\api\medical_workflow_views.py changed, reloading.
Watching for file changes with StatReloader
Not Found: /api/patients/list/
"GET /api/patients/list/?filter=all HTTP/1.1" 404 25
C:\Users\giuse\Desktop\BRO\ER-Voice2Text\backend\api\medical_workflow_views.py changed, reloading.
Watching for file changes with StatReloader
Not Found: /api/patients/list/
"GET /api/patients/list/?filter=all HTTP/1.1" 404 25
Not Found: /api/patients/list/
"GET /api/patients/list/?filter=all HTTP/1.1" 404 25
Not Found: /api/patients/list/
"GET /api/patients/list/?filter=all HTTP/1.1" 404 25
Not Found: /api/patients/list/
"GET /api/patients/list/?filter=all HTTP/1.1" 404 25
- Broken pipe from ('127.0.0.1', 61279)
- Broken pipe from ('127.0.0.1', 63923)
- Broken pipe from ('127.0.0.1', 63206)
- Broken pipe from ('127.0.0.1', 52690)
- Broken pipe from ('127.0.0.1', 61219)
Not Found: /api/patients/list/
"GET /api/patients/list/?filter=all HTTP/1.1" 404 25
Not Found: /api/patients/list/
"GET /api/patients/list/?filter=all HTTP/1.1" 404 25
- Broken pipe from ('127.0.0.1', 59109)
- Broken pipe from ('127.0.0.1', 59645)
C:\Users\giuse\Desktop\BRO\ER-Voice2Text\backend\api\medical_workflow_views.py changed, reloading.
Watching for file changes with StatReloader
Watching for file changes with StatReloader
Not Found: /api/patients/list/
"GET /api/patients/list/?filter=all HTTP/1.1" 404 25
Not Found: /api/patients/list/
"GET /api/patients/list/?filter=all HTTP/1.1" 404 25
C:\Users\giuse\Desktop\BRO\ER-Voice2Text\backend\api\medical_workflow_views.py changed, reloading.
Watching for file changes with StatReloader
C:\Users\giuse\Desktop\BRO\ER-Voice2Text\backend\api\medical_workflow_views.py changed, reloading.
Watching for file changes with StatReloader
C:\Users\giuse\Desktop\BRO\ER-Voice2Text\backend\api\medical_workflow_views.py changed, reloading.
Watching for file changes with StatReloader
Not Found: /api/patients/list/
"GET /api/patients/list/?filter=all HTTP/1.1" 404 25
Not Found: /api/patients/list/
"GET /api/patients/list/?filter=all HTTP/1.1" 404 25
Not Found: /api/patients/list/
"GET /api/patients/list/?filter=all HTTP/1.1" 404 25
Not Found: /api/patients/list/
"GET /api/patients/list/?filter=all HTTP/1.1" 404 25
Watching for file changes with StatReloader
Not Found: /api/patients/list/
"GET /api/patients/list/?filter=all HTTP/1.1" 404 25
Not Found: /api/patients/list/
"GET /api/patients/list/?filter=all HTTP/1.1" 404 25
- Broken pipe from ('127.0.0.1', 58007)
- Broken pipe from ('127.0.0.1', 60074)
- Broken pipe from ('127.0.0.1', 51238)
Not Found: /api/patients/list/
"GET /api/patients/list/?filter=all HTTP/1.1" 404 25
- Broken pipe from ('127.0.0.1', 50677)
C:\Users\giuse\Desktop\BRO\ER-Voice2Text\backend\api\medical_workflow_views.py changed, reloading.
Watching for file changes with StatReloader
C:\Users\giuse\Desktop\BRO\ER-Voice2Text\backend\api\medical_workflow_views.py changed, reloading.
Watching for file changes with StatReloader
Not Found: /api/patients/list/
"GET /api/patients/list/?filter=all HTTP/1.1" 404 25
Not Found: /api/patients/list/
"GET /api/patients/list/?filter=all HTTP/1.1" 404 25
Watching for file changes with StatReloader
Not Found: /api/patients/list/
"GET /api/patients/list/?filter=all HTTP/1.1" 404 25
Not Found: /api/patients/list/
"GET /api/patients/list/?filter=all HTTP/1.1" 404 25
C:\Users\giuse\Desktop\BRO\ER-Voice2Text\backend\core\mongodb_models.py changed, reloading.
Watching for file changes with StatReloader
C:\Users\giuse\Desktop\BRO\ER-Voice2Text\backend\api\medical_workflow_views.py changed, reloading.
Watching for file changes with StatReloader
"OPTIONS /api/visits/process-audio/ HTTP/1.1" 200 0
Bad Request: /api/visits/process-audio/
"POST /api/visits/process-audio/ HTTP/1.1" 400 50
Bad Request: /api/visits/process-audio/
"POST /api/visits/process-audio/ HTTP/1.1" 400 50
C:\Users\giuse\Desktop\BRO\ER-Voice2Text\backend\api\medical_workflow_views.py changed, reloading.
Watching for file changes with StatReloader
C:\Users\giuse\Desktop\BRO\ER-Voice2Text\backend\api\medical_workflow_views.py changed, reloading.
Watching for file changes with StatReloader
Internal Server Error: /api/visits/process-audio/
"POST /api/visits/process-audio/ HTTP/1.1" 500 64
C:\Users\giuse\Desktop\BRO\ER-Voice2Text\backend\services\nvidia_nim.py changed, reloading.
Watching for file changes with StatReloader
Internal Server Error: /api/visits/process-audio/
"POST /api/visits/process-audio/ HTTP/1.1" 500 41
C:\Users\giuse\Desktop\BRO\ER-Voice2Text\backend\medical_system\settings.py changed, reloading.
Watching for file changes with StatReloader
C:\Users\giuse\Desktop\BRO\ER-Voice2Text\backend\api\medical_workflow_views.py changed, reloading.
Watching for file changes with StatReloader
Internal Server Error: /api/visits/process-audio/
"POST /api/visits/process-audio/ HTTP/1.1" 500 54
Internal Server Error: /api/visits/process-audio/
- Broken pipe from ('127.0.0.1', 61737)
C:\Users\giuse\Desktop\BRO\ER-Voice2Text\backend\api\medical_workflow_views.py changed, reloading.
Watching for file changes with StatReloader
Internal Server Error: /api/visits/process-audio/
"POST /api/visits/process-audio/ HTTP/1.1" 500 54
C:\Users\giuse\Desktop\BRO\ER-Voice2Text\backend\services\nvidia_nim.py changed, reloading.
Watching for file changes with StatReloader
C:\Users\giuse\Desktop\BRO\ER-Voice2Text\backend\services\nvidia_nim.py changed, reloading.
Watching for file changes with StatReloader
Internal Server Error: /api/visits/process-audio/
"POST /api/visits/process-audio/ HTTP/1.1" 500 54
C:\Users\giuse\Desktop\BRO\ER-Voice2Text\backend\services\nvidia_nim.py changed, reloading.
Watching for file changes with StatReloader
Internal Server Error: /api/visits/process-audio/
"POST /api/visits/process-audio/ HTTP/1.1" 500 54
C:\Users\giuse\Desktop\BRO\ER-Voice2Text\backend\services\nvidia_nim.py changed, reloading.
Watching for file changes with StatReloader
Internal Server Error: /api/visits/process-audio/
"POST /api/visits/process-audio/ HTTP/1.1" 500 41
C:\Users\giuse\Desktop\BRO\ER-Voice2Text\backend\core\mongodb_models.py changed, reloading.
Watching for file changes with StatReloader
C:\Users\giuse\Desktop\BRO\ER-Voice2Text\backend\services\mongodb_service.py changed, reloading.
Watching for file changes with StatReloader
Internal Server Error: /api/visits/process-audio/
"POST /api/visits/process-audio/ HTTP/1.1" 500 54
C:\Users\giuse\Desktop\BRO\ER-Voice2Text\backend\services\nvidia_nim.py changed, reloading.
Watching for file changes with StatReloader
"POST /api/visits/process-audio/ HTTP/1.1" 200 1034
C:\Users\giuse\Desktop\BRO\ER-Voice2Text\backend\services\nvidia_nim.py changed, reloading.
Watching for file changes with StatReloader
C:\Users\giuse\Desktop\BRO\ER-Voice2Text\backend\services\nvidia_nim.py changed, reloading.
Watching for file changes with StatReloader
"POST /api/visits/process-audio/ HTTP/1.1" 200 2057
"OPTIONS /api/patients/list/?filter=waiting HTTP/1.1" 200 0
Not Found: /api/patients/list/
"GET /api/patients/list/?filter=waiting HTTP/1.1" 404 25
Not Found: /api/patients/list/
"GET /api/patients/list/?filter=waiting HTTP/1.1" 404 25
"OPTIONS /api/patients/list/?filter=completed HTTP/1.1" 200 0
Not Found: /api/patients/list/
"GET /api/patients/list/?filter=completed HTTP/1.1" 404 25
